Update Managed Component C17 From CMP-2000-07458-2[10uF,63V] To CMP-2000-07458-2[GRM32ER71J106KA12L] in DRV8302.SchDoc
Update Managed Component C18 From CMP-2000-07458-2[10uF,63V] To CMP-2000-07458-2[GRM32ER71J106KA12L] in DRV8302.SchDoc
Update Managed Component C19 From CMP-2000-07458-2[10uF,63V] To CMP-2000-07458-2[GRM32ER71J106KA12L] in DRV8302.SchDoc
Update Managed Component C20 From CMP-2000-07458-2[10uF,63V] To CMP-2000-07458-2[GRM32ER71J106KA12L] in DRV8302.SchDoc
Update Managed Component C21 From CMP-2000-05460-2[15uF,100V] To CMP-2000-05460-2[C5750X7S2A156M250KB] in DRV8302.SchDoc
Update Managed Component C22 From CMP-2000-05460-2[15uF,100V] To CMP-2000-05460-2[C5750X7S2A156M250KB] in DRV8302.SchDoc
Update Managed Component C23 From CMP-2000-07546-2[100nF] To CMP-2000-07546-2[CGA3E2X7R1H104K080AA] in DRV8302.SchDoc
Update Managed Component C24 From CMP-2007-03262-2[200nF] To CMP-2007-03262-2[C0805C224K1RACTU] in DRV8302.SchDoc
Update Managed Component C25 From CMP-2007-03262-2[200nF] To CMP-2007-03262-2[C0805C224K1RACTU] in DRV8302.SchDoc
Update Managed Component C26 From CMP-2000-07546-2[100nF] To CMP-2000-07546-2[CGA3E2X7R1H104K080AA] in DRV8302.SchDoc
Update Managed Component C27 From CMP-2007-03262-2[200nF] To CMP-2007-03262-2[C0805C224K1RACTU] in DRV8302.SchDoc
Update Managed Component C28 From CMP-2000-07458-2[10uF,63V] To CMP-2000-07458-2[GRM32ER71J106KA12L] in DRV8302.SchDoc
Update Managed Component C29 From CMP-2000-07458-2[10uF,63V] To CMP-2000-07458-2[GRM32ER71J106KA12L] in DRV8302.SchDoc
Update Managed Component C30 From CMP-2006-02836-2[2U2] To CMP-2006-02836-2[GRM188R71A225KE15D] in DRV8302.SchDoc
Update Managed Component C31 From CMP-2006-02836-2[2U2] To CMP-2006-02836-2[GRM188R71A225KE15D] in DRV8302.SchDoc
Update Managed Component C32 From CMP-2006-02836-2[2U2] To CMP-2006-02836-2[GRM188R71A225KE15D] in DRV8302.SchDoc
Update Managed Component C33 From CMP-2006-02836-2[2U2] To CMP-2006-02836-2[GRM188R71A225KE15D] in DRV8302.SchDoc
Update Managed Component C34 From CMP-2006-02836-2[2U2] To CMP-2006-02836-2[GRM188R71A225KE15D] in DRV8302.SchDoc
Update Managed Component C35 From CMP-2000-07458-2[10uF,63V] To CMP-2000-07458-2[GRM32ER71J106KA12L] in DRV8302.SchDoc
Update Managed Component C36 From CMP-2000-05259-2[100uF] To CMP-2000-05259-2[GRM32ER60J107ME20L] in DRV8302.SchDoc
Update Managed Component C37 From CMP-2000-07458-2[10uF,63V] To CMP-2000-07458-2[GRM32ER71J106KA12L] in DRV8302.SchDoc
Update Managed Component C38 From CMP-2006-03259-2[6.8n] To CMP-2006-03259-2[C0603C682J5GACTU] in DRV8302.SchDoc
Update Managed Component C39 From CMP-06035-056041-1[2.2nF] To CMP-06035-056041-1[GRM1885C1H222JA01D] in DRV8302.SchDoc
Update Managed Component C40 From CMP-2006-03074-1[120p] To CMP-2006-03074-1[C0603C121J5GACTU] in DRV8302.SchDoc
Update Managed Component C41 From CMP-06035-056041-1[2.2nF] To CMP-06035-056041-1[GRM1885C1H222JA01D] in DRV8302.SchDoc
Update Managed Component C42 From CMP-2006-02910-1[22n] To CMP-2006-02910-1[GRM188R71H223KA01D] in DRV8302.SchDoc
Update Managed Component C43 From CMP-2000-05259-2[100uF] To CMP-2000-05259-2[GRM32ER60J107ME20L] in DRV8302.SchDoc
Update Managed Component C44 From CMP-2006-02836-2[2U2] To CMP-2006-02836-2[GRM188R71A225KE15D] in DRV8302.SchDoc
Update Managed Component D4 From CMP-1055-00462-1[BAT54HT1G] To CMP-1055-00462-1[BAT54HT1G] in DRV8302.SchDoc
Update Managed Component D5 From CMP-02577-000008-1[SMCJ5.0A-E3/57T] To CMP-02577-000008-1[SMCJ5.0A-E3/57T] in DRV8302.SchDoc
Update Managed Component L1 From CMP-14484-000872-1[NR6045T220M] To CMP-14484-000872-1[NR6045T220M] in DRV8302.SchDoc
Update Managed Component R14 From CMP-2000-06940-1[39kO] To CMP-2000-06940-1[RC0603FR-0739KL] in DRV8302.SchDoc
Update Managed Component R15 From CMP-2000-04423-2[2k2O] To CMP-2000-04423-2[RT0603BRD072K2L] in DRV8302.SchDoc
Update Managed Component R16 From CMP-2100-03663-2[100R] To CMP-2100-03663-2[RC0603FR-07100RL] in DRV8302.SchDoc
Update Managed Component R17 From CMP-1659-00056-1[1MO] To CMP-1659-00056-1[RC0603FR-071ML] in DRV8302.SchDoc
Update Managed Component R18 From CMP-2000-00258-1[15kO] To CMP-2000-00258-1[ERJ-3EKF1502V] in DRV8302.SchDoc
Update Managed Component R19 From CMP-2100-03663-2[100R] To CMP-2100-03663-2[RC0603FR-07100RL] in DRV8302.SchDoc
Update Managed Component R20 From CMP-2000-00874-2[10kO] To CMP-2000-00874-2[ERA-3AEB103V] in DRV8302.SchDoc
Update Managed Component R21 From CMP-2100-03663-2[100R] To CMP-2100-03663-2[RC0603FR-07100RL] in DRV8302.SchDoc
Update Managed Component R22 From CMP-2100-03663-2[100R] To CMP-2100-03663-2[RC0603FR-07100RL] in DRV8302.SchDoc
Update Managed Component R23 From CMP-2000-00749-1[220kO] To CMP-2000-00749-1[ERJ-3GEYJ224V] in DRV8302.SchDoc
Update Managed Component R24 From CMP-1012-00650-3[18kO] To CMP-1012-00650-3[ERJ3EKF1802V] in DRV8302.SchDoc
Update Managed Component R25 From CMP-2000-00436-2[3.3kO] To CMP-2000-00436-2[ERJ-3EKF3301V] in DRV8302.SchDoc
Update Managed Component R26 From CMP-2000-06940-1[39kO] To CMP-2000-06940-1[RC0603FR-0739KL] in DRV8302.SchDoc
Update Managed Component R27 From CMP-2000-06940-1[39kO] To CMP-2000-06940-1[RC0603FR-0739KL] in DRV8302.SchDoc
Update Managed Component R28 From CMP-2000-06940-1[39kO] To CMP-2000-06940-1[RC0603FR-0739KL] in DRV8302.SchDoc
Update Managed Component R29 From CMP-2000-04423-2[2k2O] To CMP-2000-04423-2[RT0603BRD072K2L] in DRV8302.SchDoc
Update Managed Component R30 From CMP-2000-04423-2[2k2O] To CMP-2000-04423-2[RT0603BRD072K2L] in DRV8302.SchDoc
Update Managed Component R31 From CMP-2000-04423-2[2k2O] To CMP-2000-04423-2[RT0603BRD072K2L] in DRV8302.SchDoc
Replace Part TP1 Test point in C:\Users\jorda\Desktop\Altium\SEMA_V7 Motor Controller4.12\DRV8302.SchDoc with Test point from Schematic.SchLib
Replace Part TP2 Test point in C:\Users\jorda\Desktop\Altium\SEMA_V7 Motor Controller4.12\DRV8302.SchDoc with Test point from Schematic.SchLib
Update Managed Component U2 From CMP-04915-000065-1[DRV8302DCAR] To CMP-04915-000065-1[DRV8302DCAR] in DRV8302.SchDoc
Update Managed Component U3 From CMP-0136-00509-1[TC2117-3.3VDBTR] To CMP-0136-00509-1[TC2117-3.3VDBTR] in DRV8302.SchDoc
