Update Managed Component C1 From CMP-2000-07546-2[100nF] To CMP-2000-07546-2[CGA3E2X7R1H104K080AA] in General.SchDoc
Update Managed Component D1 From CMP-22017-000005-2[GREEN] To CMP-22017-000005-2[LTST-C190GKT] in General.SchDoc
Update Managed Component D2 From CMP-22017-000008-1[BLUE] To CMP-22017-000008-1[LTST-C191TBKT] in General.SchDoc
Update Managed Component D3 From CMP-1426-00001-3[RED] To CMP-1426-00001-3[150060RS75000] in General.SchDoc
Update Managed Component J1 From CMP-2000-05246-2[473460001] To CMP-2000-05246-2[473460001] in General.SchDoc
Update Managed Component J2 From CMP-17439-000014-3[B3B-XH-A(LF)(SN)] To CMP-17439-000014-3[B3B-XH-A(LF)(SN)] in General.SchDoc
Update Managed Component J3 From CMP-17439-000076-1[B6B-XH-A(LF)(SN)] To CMP-17439-000076-1[B6B-XH-A(LF)(SN)] in General.SchDoc
Update Managed Component J4 From CMP-17439-000250-1[B4B-XH-A(LF)(SN)] To CMP-17439-000250-1[B4B-XH-A(LF)(SN)] in General.SchDoc
Update Managed Component J5 From CMP-17439-000323-2[B7B-XH-A(LF)(SN)] To CMP-17439-000323-2[B7B-XH-A(LF)(SN)] in General.SchDoc
Update Managed Component J6 From CMP-17439-000304-1[B5B-XH-AM(LF)(SN)] To CMP-17439-000304-1[B5B-XH-AM(LF)(SN)] in General.SchDoc
Replace Part P1 Power_Pad in C:\Users\jorda\Desktop\Altium\SEMA_V7 Motor Controller4.12\General.SchDoc with Power_Pad from Schematic.SchLib
Replace Part P2 Power_Pad in C:\Users\jorda\Desktop\Altium\SEMA_V7 Motor Controller4.12\General.SchDoc with Power_Pad from Schematic.SchLib
Replace Part P3 Power_Pad in C:\Users\jorda\Desktop\Altium\SEMA_V7 Motor Controller4.12\General.SchDoc with Power_Pad from Schematic.SchLib
Replace Part P4 Power_Pad in C:\Users\jorda\Desktop\Altium\SEMA_V7 Motor Controller4.12\General.SchDoc with Power_Pad from Schematic.SchLib
Replace Part P5 Power_Pad in C:\Users\jorda\Desktop\Altium\SEMA_V7 Motor Controller4.12\General.SchDoc with Power_Pad from Schematic.SchLib
Update Managed Component R1 From CMP-2000-04423-2[2k2O] To CMP-2000-04423-2[RT0603BRD072K2L] in General.SchDoc
Update Managed Component R2 From CMP-2000-03097-2[22R] To CMP-2000-03097-2[CRCW060322R0FKEA] in General.SchDoc
Update Managed Component R3 From CMP-2000-03097-2[22R] To CMP-2000-03097-2[CRCW060322R0FKEA] in General.SchDoc
Update Managed Component R4 From CMP-2000-04423-2[2k2O] To CMP-2000-04423-2[RT0603BRD072K2L] in General.SchDoc
Update Managed Component R5 From CMP-2100-03663-2[100R] To CMP-2100-03663-2[RC0603FR-07100RL] in General.SchDoc
Update Managed Component R6 From CMP-2100-03663-2[100R] To CMP-2100-03663-2[RC0603FR-07100RL] in General.SchDoc
