Removed Pin From Net: NetName=CURR_2_N Pin=R42-1
Removed Pin From Net: NetName=CURR_2_P Pin=R42-2
Removed Pin From Net: NetName=H2_LOW Pin=R42-3
Removed Pin From Net: NetName=H3_LOW Pin=R42-4
Removed Pin From Net: NetName=CURR_1_N Pin=R43-1
Removed Pin From Net: NetName=CURR_1_P Pin=R43-2
Removed Pin From Net: NetName=H2_LOW Pin=R43-3
Removed Pin From Net: NetName=H1_LOW Pin=R43-4
Removed Member From Class: ClassName=Power Stage Member=R42
Removed Member From Class: ClassName=Power Stage Member=R43
Added Component: Designator=R?(WSLP27265L000FEA)
Add component (AddParameter): Name = "Arrow Part Number"; Value = ""; VariantName = "[No Variations]"
Add component (AddParameter): Name = "Arrow Price/Stock"; Value = ""; VariantName = "[No Variations]"
Add component (AddParameter): Name = "Datasheet Link"; Value = "https://componentsearchengine.com/Datasheets/1/WSLP27265L000FEA.pdf"; VariantName = "[No Variations]"
Add component (AddParameter): Name = "Height"; Value = "2.81mm"; VariantName = "[No Variations]"
Add component (AddParameter): Name = "Manufacturer_Name"; Value = "Vishay"; VariantName = "[No Variations]"
Add component (AddParameter): Name = "Manufacturer_Part_Number"; Value = "WSLP27265L000FEA"; VariantName = "[No Variations]"
Add component (AddParameter): Name = "Mouser Part Number"; Value = "71-WSLP27265L000FEA"; VariantName = "[No Variations]"
Add component (AddParameter): Name = "Mouser Price/Stock"; Value = "https://www.mouser.co.uk/ProductDetail/Vishay-Dale/WSLP27265L000FEA?qs=h6V4JsTaLXeHJBxiH6kbIg%3D%3D"; VariantName = "[No Variations]"
Added Component: Designator=R?(WSLP27265L000FEA)
Add component (AddParameter): Name = "Arrow Part Number"; Value = ""; VariantName = "[No Variations]"
Add component (AddParameter): Name = "Arrow Price/Stock"; Value = ""; VariantName = "[No Variations]"
Add component (AddParameter): Name = "Datasheet Link"; Value = "https://componentsearchengine.com/Datasheets/1/WSLP27265L000FEA.pdf"; VariantName = "[No Variations]"
Add component (AddParameter): Name = "Height"; Value = "2.81mm"; VariantName = "[No Variations]"
Add component (AddParameter): Name = "Manufacturer_Name"; Value = "Vishay"; VariantName = "[No Variations]"
Add component (AddParameter): Name = "Manufacturer_Part_Number"; Value = "WSLP27265L000FEA"; VariantName = "[No Variations]"
Add component (AddParameter): Name = "Mouser Part Number"; Value = "71-WSLP27265L000FEA"; VariantName = "[No Variations]"
Add component (AddParameter): Name = "Mouser Price/Stock"; Value = "https://www.mouser.co.uk/ProductDetail/Vishay-Dale/WSLP27265L000FEA?qs=h6V4JsTaLXeHJBxiH6kbIg%3D%3D"; VariantName = "[No Variations]"
Added Pin To Net: NetName=H2_LOW Pin=R?-1
Added Pin To Net: NetName=H2_LOW Pin=R?-1
Added Pin To Net: NetName=H1_LOW Pin=R?-2
Added Pin To Net: NetName=H3_LOW Pin=R?-2
Added Pin To Net: NetName=CURR_1_N Pin=R?-3
Added Pin To Net: NetName=CURR_2_N Pin=R?-3
Added Pin To Net: NetName=CURR_1_P Pin=R?-4
Added Pin To Net: NetName=CURR_2_P Pin=R?-4
Added Member To Class: ClassName=Power Stage Member=Component R? WSLP27265L000FEA
Added Member To Class: ClassName=Power Stage Member=Component R? WSLP27265L000FEA
